<?xml version="1.0" encoding="utf-8"?><testsuites><testsuite errors="3" failures="0" hostname="sfia-project-2" name="pytest" skipped="0" tests="3" time="0.665" timestamp="2021-01-20T21:45:16.808902"><testcase classname="" name="backend1.testing.test_backend1" time="0.000"><error message="collection failure">ImportError while importing test module '/home/o_ore/sfia-task-2/backend1/testing/test_backend1.py'.
Hint: make sure your test modules/packages have valid Python names.
Traceback:
/usr/lib/python3.6/importlib/__init__.py:126: in import_module
    return _bootstrap._gcd_import(name[level:], package, level)
E   ModuleNotFoundError: No module named 'testing.test_backend1'</error></testcase><testcase classname="" name="backend2.testing.test_backend2" time="0.000"><error message="collection failure">ImportError while importing test module '/home/o_ore/sfia-task-2/backend2/testing/test_backend2.py'.
Hint: make sure your test modules/packages have valid Python names.
Traceback:
/usr/lib/python3.6/importlib/__init__.py:126: in import_module
    return _bootstrap._gcd_import(name[level:], package, level)
E   ModuleNotFoundError: No module named 'testing.test_backend2'</error></testcase><testcase classname="" name="backend3.testing.test_backend3" time="0.000"><error message="collection failure">ImportError while importing test module '/home/o_ore/sfia-task-2/backend3/testing/test_backend3.py'.
Hint: make sure your test modules/packages have valid Python names.
Traceback:
/usr/lib/python3.6/importlib/__init__.py:126: in import_module
    return _bootstrap._gcd_import(name[level:], package, level)
E   ModuleNotFoundError: No module named 'testing.test_backend3'</error></testcase></testsuite></testsuites>